<?xml version="1.0" encoding="UTF-8"?>
<!-- Generated by org.testng.reporters.JUnitReportReporter -->
<testsuite hostname="jenkins-master.nick.io" failures="0" tests="2" name="nickTest.calculatorAPI.TestSubtractionFunctionality" time="0.004" errors="0" timestamp="15 Jun 2023 06:02:31 GMT">
  <testcase classname="nickTest.calculatorAPI.TestSubtractionFunctionality" name="TestSubtractionWithPositiveNumbers" time="0.001"/>
  <testcase classname="nickTest.calculatorAPI.TestSubtractionFunctionality" name="TestSubtractionWith1Positive1NegativeNumbers" time="0.003"/>
</testsuite> <!-- nickTest.calculatorAPI.TestSubtractionFunctionality -->
