<?xml version="1.0" encoding="UTF-8"?>
<!-- Generated by org.testng.reporters.JUnitReportReporter -->
<testsuite hostname="jenkins-master.nick.io" failures="0" tests="1" name="nickTest.calculatorAPI.AppTest" time="0.015" errors="0" timestamp="15 Jun 2023 06:02:31 GMT">
  <testcase classname="nickTest.calculatorAPI.AppTest" name="shouldAnswerWithTrue" time="0.015"/>
</testsuite> <!-- nickTest.calculatorAPI.AppTest -->
