<?xml version="1.0" encoding="UTF-8"?>
<testsuite xmlns:xsi="http://www.w3.org/2001/XMLSchema-instance" xsi:noNamespaceSchemaLocation="https://maven.apache.org/surefire/maven-surefire-plugin/xsd/surefire-test-report.xsd" name="TestSuite" time="0.721" tests="3" errors="0" skipped="0" failures="0">
  <properties>
    <property name="java.specification.version" value="17"/>
    <property name="sun.jnu.encoding" value="UTF-8"/>
    <property name="java.class.path" value="/home/nkw/eclipse-workspace/calculatorAPI/target/test-classes:/home/nkw/eclipse-workspace/calculatorAPI/target/classes:/home/nkw/.m2/repository/junit/junit/4.11/junit-4.11.jar:/home/nkw/.m2/repository/org/hamcrest/hamcrest-core/1.3/hamcrest-core-1.3.jar:/home/nkw/.m2/repository/org/testng/testng/6.9.8/testng-6.9.8.jar:/home/nkw/.m2/repository/org/beanshell/bsh/2.0b4/bsh-2.0b4.jar:/home/nkw/.m2/repository/com/beust/jcommander/1.48/jcommander-1.48.jar:"/>
    <property name="java.vm.vendor" value="Red Hat, Inc."/>
    <property name="sun.arch.data.model" value="64"/>
    <property name="java.vendor.url" value="https://www.redhat.com/"/>
    <property name="os.name" value="Linux"/>
    <property name="java.vm.specification.version" value="17"/>
    <property name="sun.java.launcher" value="SUN_STANDARD"/>
    <property name="user.country" value="US"/>
    <property name="sun.boot.library.path" value="/usr/lib/jvm/java-17-openjdk-17.0.7.0.7-1.el8_7.x86_64/lib"/>
    <property name="sun.java.command" value="/home/nkw/eclipse-workspace/calculatorAPI/target/surefire/surefirebooter3424673759123769937.jar /home/nkw/eclipse-workspace/calculatorAPI/target/surefire 2023-06-15T08-02-29_876-jvmRun1 surefire14690486321694527156tmp surefire_017943638021065934931tmp"/>
    <property name="jdk.debug" value="release"/>
    <property name="surefire.test.class.path" value="/home/nkw/eclipse-workspace/calculatorAPI/target/test-classes:/home/nkw/eclipse-workspace/calculatorAPI/target/classes:/home/nkw/.m2/repository/junit/junit/4.11/junit-4.11.jar:/home/nkw/.m2/repository/org/hamcrest/hamcrest-core/1.3/hamcrest-core-1.3.jar:/home/nkw/.m2/repository/org/testng/testng/6.9.8/testng-6.9.8.jar:/home/nkw/.m2/repository/org/beanshell/bsh/2.0b4/bsh-2.0b4.jar:/home/nkw/.m2/repository/com/beust/jcommander/1.48/jcommander-1.48.jar:"/>
    <property name="sun.cpu.endian" value="little"/>
    <property name="user.home" value="/home/nkw"/>
    <property name="user.language" value="en"/>
    <property name="java.specification.vendor" value="Oracle Corporation"/>
    <property name="java.version.date" value="2023-04-18"/>
    <property name="java.home" value="/usr/lib/jvm/java-17-openjdk-17.0.7.0.7-1.el8_7.x86_64"/>
    <property name="file.separator" value="/"/>
    <property name="basedir" value="/home/nkw/eclipse-workspace/calculatorAPI"/>
    <property name="java.vm.compressedOopsMode" value="Zero based"/>
    <property name="line.separator" value="&#10;"/>
    <property name="java.vm.specification.vendor" value="Oracle Corporation"/>
    <property name="java.specification.name" value="Java Platform API Specification"/>
    <property name="surefire.real.class.path" value="/home/nkw/eclipse-workspace/calculatorAPI/target/surefire/surefirebooter3424673759123769937.jar"/>
    <property name="sun.management.compiler" value="HotSpot 64-Bit Tiered Compilers"/>
    <property name="java.runtime.version" value="17.0.7+7-LTS"/>
    <property name="user.name" value="nkw"/>
    <property name="path.separator" value=":"/>
    <property name="os.version" value="4.18.0-348.12.2.el8_5.x86_64"/>
    <property name="java.runtime.name" value="OpenJDK Runtime Environment"/>
    <property name="file.encoding" value="UTF-8"/>
    <property name="java.vm.name" value="OpenJDK 64-Bit Server VM"/>
    <property name="java.vendor.version" value="(Red_Hat-17.0.7.0.7-1.el8_7)"/>
    <property name="localRepository" value="/home/nkw/.m2/repository"/>
    <property name="java.vendor.url.bug" value="https://bugzilla.redhat.com/enter_bug.cgi?product=Red%20Hat%20Enterprise%20Linux%208&amp;component=java-17-openjdk"/>
    <property name="java.io.tmpdir" value="/tmp"/>
    <property name="java.version" value="17.0.7"/>
    <property name="user.dir" value="/home/nkw/eclipse-workspace/calculatorAPI"/>
    <property name="os.arch" value="amd64"/>
    <property name="java.vm.specification.name" value="Java Virtual Machine Specification"/>
    <property name="native.encoding" value="UTF-8"/>
    <property name="java.library.path" value="/usr/java/packages/lib:/usr/lib64:/lib64:/lib:/usr/lib"/>
    <property name="java.vm.info" value="mixed mode, sharing"/>
    <property name="java.vendor" value="Red Hat, Inc."/>
    <property name="java.vm.version" value="17.0.7+7-LTS"/>
    <property name="sun.io.unicode.encoding" value="UnicodeLittle"/>
    <property name="java.class.version" value="61.0"/>
  </properties>
  <testcase name="TestSubtractionWith1Positive1NegativeNumbers" classname="nickTest.calculatorAPI.TestSubtractionFunctionality" time="0.003"/>
  <testcase name="TestSubtractionWithPositiveNumbers" classname="nickTest.calculatorAPI.TestSubtractionFunctionality" time="0"/>
  <testcase name="shouldAnswerWithTrue on shouldAnswerWithTrue(nickTest.calculatorAPI.AppTest)" classname="nickTest.calculatorAPI.AppTest" time="0.009"/>
</testsuite>